[0m16:25:09.049118 [debug] [MainThread]: Sending event: {'category': 'dbt', 'action': 'invocation', 'label': 'start', 'context': [<snowplow_tracker.self_describing_json.SelfDescribingJson object at 0x000001E0328C46E0>, <snowplow_tracker.self_describing_json.SelfDescribingJson object at 0x000001E02E2CB250>, <snowplow_tracker.self_describing_json.SelfDescribingJson object at 0x000001E03375FED0>]}


============================== 16:25:09.062213 | 00d11ad1-76a0-4333-8d49-e9bd478c700c ==============================
[0m16:25:09.062213 [info ] [MainThread]: Running with dbt=1.11.6
[0m16:25:09.064265 [debug] [MainThread]: running dbt with arguments {'static_parser': 'True', 'no_print': 'None', 'version_check': 'True', 'target_path': 'None', 'warn_error_options': 'WarnErrorOptionsV2(error=[], warn=[], silence=[])', 'printer_width': '80', 'write_json': 'True', 'introspect': 'True', 'log_cache_events': 'False', 'empty': 'None', 'cache_selected_only': 'False', 'fail_fast': 'False', 'debug': 'False', 'log_format': 'default', 'partial_parse': 'True', 'send_anonymous_usage_stats': 'True', 'quiet': 'False', 'warn_error': 'None', 'profiles_dir': 'C:\\Users\\mukul\\.dbt', 'indirect_selection': 'eager', 'invocation_command': 'dbt init dbt_project', 'use_colors': 'True', 'use_experimental_parser': 'False', 'log_path': 'logs'}
[0m16:25:09.116044 [debug] [MainThread]: Starter project path: C:\Users\mukul\Desktop\Projects\nyc-taxi-demand-forecast\project_venv\Lib\site-packages\dbt\include\starter_project
[0m16:25:09.192596 [info ] [MainThread]: 
Your new dbt project "dbt_project" was created!

For more information on how to configure the profiles.yml file,
please consult the dbt documentation here:

  https://docs.getdbt.com/docs/configure-your-profile

One more thing:

Need help? Don't hesitate to reach out to us via GitHub issues or on Slack:

  https://community.getdbt.com/

Happy modeling!

[0m16:25:09.194382 [info ] [MainThread]: Setting up your profile.
[0m16:25:23.321358 [debug] [MainThread]: Snowflake adapter: Setting snowflake.connector to ERROR (file logging only)
[0m16:25:23.325260 [debug] [MainThread]: Snowflake adapter: Setting botocore to ERROR (file logging only)
[0m16:25:23.327814 [debug] [MainThread]: Snowflake adapter: Setting boto3 to ERROR (file logging only)
[0m16:26:50.573871 [info ] [MainThread]: Profile dbt_project written to C:\Users\mukul\.dbt\profiles.yml using target's profile_template.yml and your supplied values. Run 'dbt debug' to validate the connection.
[0m16:26:50.578165 [debug] [MainThread]: Command `dbt init` succeeded at 16:26:50.577821 after 102.04 seconds
[0m16:26:50.579127 [debug] [MainThread]: Sending event: {'category': 'dbt', 'action': 'invocation', 'label': 'end', 'context': [<snowplow_tracker.self_describing_json.SelfDescribingJson object at 0x000001E04FFDED70>, <snowplow_tracker.self_describing_json.SelfDescribingJson object at 0x000001E04F709EB0>, <snowplow_tracker.self_describing_json.SelfDescribingJson object at 0x000001E04FFC7020>]}
[0m16:26:50.579879 [debug] [MainThread]: Flushing usage events
[0m16:26:51.206060 [debug] [MainThread]: An error was encountered while trying to flush usage events
[0m14:10:35.954111 [debug] [MainThread]: Sending event: {'category': 'dbt', 'action': 'invocation', 'label': 'start', 'context': [<snowplow_tracker.self_describing_json.SelfDescribingJson object at 0x000002846D7C06E0>, <snowplow_tracker.self_describing_json.SelfDescribingJson object at 0x00000284691BB250>, <snowplow_tracker.self_describing_json.SelfDescribingJson object at 0x000002846F62BED0>]}


============================== 14:10:35.972801 | fb0b46df-68eb-4b63-b95b-fc7ea805bddb ==============================
[0m14:10:35.972801 [info ] [MainThread]: Running with dbt=1.11.6
[0m14:10:35.974980 [debug] [MainThread]: running dbt with arguments {'version_check': 'True', 'no_print': 'None', 'static_parser': 'True', 'target_path': 'None', 'warn_error_options': 'WarnErrorOptionsV2(error=[], warn=[], silence=[])', 'printer_width': '80', 'write_json': 'True', 'empty': 'None', 'log_cache_events': 'False', 'introspect': 'True', 'cache_selected_only': 'False', 'log_format': 'default', 'debug': 'False', 'fail_fast': 'False', 'partial_parse': 'True', 'send_anonymous_usage_stats': 'True', 'quiet': 'False', 'warn_error': 'None', 'profiles_dir': 'C:\\Users\\mukul\\.dbt', 'invocation_command': 'dbt run-operation copy_into_macro', 'indirect_selection': 'eager', 'use_colors': 'True', 'use_experimental_parser': 'False', 'log_path': 'logs'}
[0m14:10:35.976552 [error] [MainThread]: Encountered an error:
Runtime Error
  No dbt_project.yml found at expected path C:\Users\mukul\Desktop\Projects\nyc-taxi-demand-forecast\dbt_project.yml
  Verify that each entry within packages.yml (and their transitive dependencies) contains a file named dbt_project.yml
  
[0m14:10:35.979361 [debug] [MainThread]: Command `dbt run-operation` failed at 14:10:35.978990 after 0.51 seconds
[0m14:10:35.980330 [debug] [MainThread]: Sending event: {'category': 'dbt', 'action': 'invocation', 'label': 'end', 'context': [<snowplow_tracker.self_describing_json.SelfDescribingJson object at 0x000002846E58AD70>, <snowplow_tracker.self_describing_json.SelfDescribingJson object at 0x000002846F659D90>, <snowplow_tracker.self_describing_json.SelfDescribingJson object at 0x000002846E4E1AE0>]}
[0m14:10:35.981238 [debug] [MainThread]: Flushing usage events
[0m14:10:36.701394 [debug] [MainThread]: An error was encountered while trying to flush usage events
